<?xml version="1.0" encoding="UTF-8"?>
<!-- Generated by org.testng.reporters.JUnitXMLReporter -->
<testsuite ignored="2" hostname="DESKTOP-83QCFHP" failures="0" tests="2" name="TestRunner-1" time="67.002" errors="0" timestamp="2021-12-27T23:27:37 IST">
  <testcase classname="com.crm.Autodesk.TestNG.CreateContactWithBaseClass" name="CreateContactWithBaseClass" time="22.206"/>
  <testcase classname="com.crm.Autodesk.TestNG.CreateOrgWithBaseClass" name="CreateOrgWithBaseClass" time="16.644"/>
  <testcase classname="com.vtiger.comcast.genericUtility.BaseClass" name="@BeforeSuite connectDB" time="0.0">
    <ignored/>
  </testcase> <!-- @BeforeSuite connectDB -->
  <testcase classname="com.vtiger.comcast.genericUtility.BaseClass" name="@AfterSuite closeDatabaseConnection" time="0.0">
    <ignored/>
  </testcase> <!-- @AfterSuite closeDatabaseConnection -->
</testsuite> <!-- TestRunner-1 -->
