<?xml version="1.0" encoding="UTF-8"?>
<!-- Generated by org.testng.reporters.JUnitXMLReporter -->
<testsuite ignored="6" hostname="DESKTOP-83QCFHP" failures="0" tests="1" name="Test" time="29.645" errors="0" timestamp="2021-12-27T23:18:21 IST">
  <testcase classname="com.crm.Autodesk.TestNG.CreateContactWithBaseClass" name="CreateContactWithBaseClass" time="16.807"/>
  <testcase classname="com.vtiger.comcast.genericUtility.BaseClass" name="@BeforeSuite connectDB" time="0.0">
    <ignored/>
  </testcase> <!-- @BeforeSuite connectDB -->
  <testcase classname="com.vtiger.comcast.genericUtility.BaseClass" name="@BeforeSuite connectDB" time="0.0">
    <ignored/>
  </testcase> <!-- @BeforeSuite connectDB -->
  <testcase classname="com.crm.Autodesk.TestNG.CreateProductWithBaseClass" name="CreateProductWithBaseClass" time="0.0">
    <ignored/>
  </testcase> <!-- CreateProductWithBaseClass -->
  <testcase classname="com.crm.Autodesk.TestNG.CreateOrgWithBaseClass" name="CreateOrgWithBaseClass" time="0.0">
    <ignored/>
  </testcase> <!-- CreateOrgWithBaseClass -->
  <testcase classname="com.vtiger.comcast.genericUtility.BaseClass" name="@AfterSuite closeDatabaseConnection" time="0.0">
    <ignored/>
  </testcase> <!-- @AfterSuite closeDatabaseConnection -->
  <testcase classname="com.vtiger.comcast.genericUtility.BaseClass" name="@AfterSuite closeDatabaseConnection" time="0.0">
    <ignored/>
  </testcase> <!-- @AfterSuite closeDatabaseConnection -->
</testsuite> <!-- Test -->
